<?xml version="1.0" encoding="UTF-8"?>
<testng-results ignored="0" total="1" passed="1" failed="0" skipped="0">
  <reporter-output>
  </reporter-output>
  <suite started-at="2020-12-28T12:09:48 IST" name="Default suite" finished-at="2020-12-28T12:09:48 IST" duration-ms="126">
    <groups>
    </groups>
    <test started-at="2020-12-28T12:09:48 IST" name="Default test" finished-at="2020-12-28T12:09:48 IST" duration-ms="126">
      <class name="client.props">
        <test-method signature="reading_Data_From_Properties()[pri:0, instance:client.props@a4102b8]" started-at="2020-12-28T12:09:48 IST" name="reading_Data_From_Properties" finished-at="2020-12-28T12:09:48 IST" duration-ms="22" status="PASS">
          <reporter-output>
          </reporter-output>
        </test-method> <!-- reading_Data_From_Properties -->
      </class> <!-- client.props -->
    </test> <!-- Default test -->
  </suite> <!-- Default suite -->
</testng-results>
